[0.016s] Invoking command in '/home/inteli/ponderada_navegacao/build/navegacao': CMAKE_PREFIX_PATH=${CMAKE_PREFIX_PATH}:/home/inteli/ponderada_navegacao/install/cg_teleop:/home/inteli/ponderada_navegacao/install/cg:/opt/ros/jazzy DEBUGINFOD_URLS=https://debuginfod.ubuntu.com PYTHONPATH=/home/inteli/ponderada_navegacao/install/cg_interfaces/lib/python3.12/site-packages:/home/inteli/ponderada_navegacao/install/cg_teleop/lib/python3.12/site-packages:/home/inteli/ponderada_navegacao/install/cg/lib/python3.12/site-packages:/opt/ros/jazzy/lib/python3.12/site-packages /usr/bin/cmake --build /home/inteli/ponderada_navegacao/build/navegacao -- -j8 -l8
[0.139s] [ 25%] [32mBuilding CXX object CMakeFiles/path_planner.dir/src/path_planner_node.cpp.o[0m
[0.143s] [ 50%] [32mBuilding CXX object CMakeFiles/mapper.dir/src/mapper_node.cpp.o[0m
[3.738s] [01m[K/home/inteli/ponderada_navegacao/src/navegacao/src/path_planner_node.cpp:[m[K In member function â€˜[01m[Kbool PathPlannerNode::[01;32m[Kfetch_map[m[K(navegacao::GridMap&)[m[Kâ€™:
[3.739s] [01m[K/home/inteli/ponderada_navegacao/src/navegacao/src/path_planner_node.cpp:78:49:[m[K [01;31m[Kerror: [m[Kâ€˜[01m[Kstd::vector<unsigned char, std::allocator<unsigned char> >[m[Kâ€™ is an inaccessible base of â€˜[01m[Krosidl_runtime_cpp::BoundedVector<unsigned char, 2, std::allocator<unsigned char> >[m[Kâ€™
[3.739s]    78 |       grid = [01;31m[Knavegacao::build_grid_from_response([m[K
[3.739s]       |              [01;31m[K~~~~~~~~~~~~~~~~~~~~~~~~~~~~~~~~~~~^[m[K
[3.739s]    79 | [01;31m[K        response->occupancy_grid_flattened,[m[K
[3.739s]       |         [01;31m[K~~~~~~~~~~~~~~~~~~~~~~~~~~~~~~~~~~~[m[K      
[3.740s]    80 | [01;31m[K        response->occupancy_grid_shape)[m[K;
[3.740s]       |         [01;31m[K~~~~~~~~~~~~~~~~~~~~~~~~~~~~~~~[m[K          
[3.780s] [01m[K/home/inteli/ponderada_navegacao/src/navegacao/src/mapper_node.cpp:[m[K In lambda function:
[3.780s] [01m[K/home/inteli/ponderada_navegacao/src/navegacao/src/mapper_node.cpp:148:9:[m[K [01;31m[Kerror: [m[Kâ€˜[01m[Ktarget_coord_[m[Kâ€™ was not declared in this scope; did you mean â€˜[01m[Ktarget_known_[m[Kâ€™?
[3.780s]   148 |         [01;31m[Ktarget_coord_[m[K = coord;
[3.780s]       |         [01;31m[K^~~~~~~~~~~~~[m[K
[3.780s]       |         [32m[Ktarget_known_[m[K
[3.808s] [01m[K/home/inteli/ponderada_navegacao/src/navegacao/src/mapper_node.cpp:[m[K In member function â€˜[01m[Kbool MapperNode::[01;32m[Ksend_move[m[K(const std::string&, const navegacao::GridCoordinate&)[m[Kâ€™:
[3.808s] [01m[K/home/inteli/ponderada_navegacao/src/navegacao/src/mapper_node.cpp:233:7:[m[K [01;31m[Kerror: [m[Kâ€˜[01m[Ktarget_coord_[m[Kâ€™ was not declared in this scope; did you mean â€˜[01m[Ktarget_known_[m[Kâ€™?
[3.808s]   233 |       [01;31m[Ktarget_coord_[m[K = current_;
[3.808s]       |       [01;31m[K^~~~~~~~~~~~~[m[K
[3.808s]       |       [32m[Ktarget_known_[m[K
[3.823s] [01m[K/home/inteli/ponderada_navegacao/src/navegacao/src/mapper_node.cpp:[m[K In member function â€˜[01m[K{anonymous}::LocalGrid MapperNode::[01;32m[Kbuild_local_grid[m[K() const[m[Kâ€™:
[3.823s] [01m[K/home/inteli/ponderada_navegacao/src/navegacao/src/mapper_node.cpp:267:44:[m[K [01;31m[Kerror: [m[Kâ€˜[01m[Ktarget_coord_[m[Kâ€™ was not declared in this scope; did you mean â€˜[01m[Ktarget_known_[m[Kâ€™?
[3.823s]   267 |       } else if (target_known_ && coord == [01;31m[Ktarget_coord_[m[K) {
[3.823s]       |                                            [01;31m[K^~~~~~~~~~~~~[m[K
[3.823s]       |                                            [32m[Ktarget_known_[m[K
[3.839s] [01m[K/home/inteli/ponderada_navegacao/src/navegacao/src/mapper_node.cpp:[m[K In member function â€˜[01m[Kvoid MapperNode::[01;32m[Kreplay_with_local_map[m[K(const {anonymous}::LocalGrid&)[m[Kâ€™:
[3.839s] [01m[K/home/inteli/ponderada_navegacao/src/navegacao/src/mapper_node.cpp:323:42:[m[K [01;31m[Kerror: [m[Kâ€˜[01m[Ktarget_coord_[m[Kâ€™ was not declared in this scope; did you mean â€˜[01m[Ktarget_known_[m[Kâ€™?
[3.839s]   323 |     navegacao::GridCoordinate target_idx{[01;31m[Ktarget_coord_[m[K.row + local.row_offset, target_coord_.col + local.col_offset};
[3.839s]       |                                          [01;31m[K^~~~~~~~~~~~~[m[K
[3.839s]       |                                          [32m[Ktarget_known_[m[K
[5.547s] gmake[2]: *** [CMakeFiles/path_planner.dir/build.make:76: CMakeFiles/path_planner.dir/src/path_planner_node.cpp.o] Error 1
[5.547s] gmake[1]: *** [CMakeFiles/Makefile2:139: CMakeFiles/path_planner.dir/all] Error 2
[5.547s] gmake[1]: *** Waiting for unfinished jobs....
[7.476s] gmake[2]: *** [CMakeFiles/mapper.dir/build.make:76: CMakeFiles/mapper.dir/src/mapper_node.cpp.o] Error 1
[7.477s] gmake[1]: *** [CMakeFiles/Makefile2:165: CMakeFiles/mapper.dir/all] Error 2
[7.477s] gmake: *** [Makefile:146: all] Error 2
[7.480s] Invoked command in '/home/inteli/ponderada_navegacao/build/navegacao' returned '2': CMAKE_PREFIX_PATH=${CMAKE_PREFIX_PATH}:/home/inteli/ponderada_navegacao/install/cg_teleop:/home/inteli/ponderada_navegacao/install/cg:/opt/ros/jazzy DEBUGINFOD_URLS=https://debuginfod.ubuntu.com PYTHONPATH=/home/inteli/ponderada_navegacao/install/cg_interfaces/lib/python3.12/site-packages:/home/inteli/ponderada_navegacao/install/cg_teleop/lib/python3.12/site-packages:/home/inteli/ponderada_navegacao/install/cg/lib/python3.12/site-packages:/opt/ros/jazzy/lib/python3.12/site-packages /usr/bin/cmake --build /home/inteli/ponderada_navegacao/build/navegacao -- -j8 -l8
